<?xml version="1.0" encoding="UTF-8"?>
<!-- Generated by org.testng.reporters.JUnitXMLReporter -->
<testsuite hostname="Venky" ignored="0" name="Surefire test" tests="4" failures="0" timestamp="2021-10-02T11:43:55 IST" time="75.883" errors="0">
  <testcase name="shouldAnswerWithTrue" time="0.007" classname="Academy.AppTest"/>
  <testcase name="titleValid" time="28.406" classname="Academy.Testcase1"/>
  <testcase name="browserTest" time="22.797" classname="Academy.Testcases"/>
  <testcase name="browserTest" time="24.442" classname="Academy.Testcases"/>
</testsuite> <!-- Surefire test -->
