<?xml version="1.0" encoding="UTF-8"?>
<testng-results skipped="0" failed="0" ignored="0" total="4" passed="4">
  <reporter-output>
  </reporter-output>
  <suite name="Surefire suite" duration-ms="75883" started-at="2021-10-02T11:42:39 IST" finished-at="2021-10-02T11:43:55 IST">
    <groups>
    </groups>
    <test name="Surefire test" duration-ms="75883" started-at="2021-10-02T11:42:39 IST" finished-at="2021-10-02T11:43:55 IST">
      <class name="Academy.Testcases">
        <test-method status="PASS" signature="browserTest(java.lang.String,java.lang.String)[pri:0, instance:Academy.Testcases@48f2bd5b]" name="browserTest" duration-ms="22797" started-at="2021-10-02T11:43:07 IST" data-provider="getData" finished-at="2021-10-02T11:43:30 IST">
          <params>
            <param index="0">
              <value>
                <![CDATA[harichandana199629@gmail.com]]>
              </value>
            </param>
            <param index="1">
              <value>
                <![CDATA[1234]]>
              </value>
            </param>
          </params>
          <reporter-output>
          </reporter-output>
        </test-method> <!-- browserTest -->
        <test-method status="PASS" signature="browserTest(java.lang.String,java.lang.String)[pri:0, instance:Academy.Testcases@48f2bd5b]" name="browserTest" duration-ms="24442" started-at="2021-10-02T11:43:30 IST" data-provider="getData" finished-at="2021-10-02T11:43:55 IST">
          <params>
            <param index="0">
              <value>
                <![CDATA[hjdfhjca@gmail.com]]>
              </value>
            </param>
            <param index="1">
              <value>
                <![CDATA[jsbkjd]]>
              </value>
            </param>
          </params>
          <reporter-output>
          </reporter-output>
        </test-method> <!-- browserTest -->
        <test-method status="PASS" signature="close()[pri:0, instance:Academy.Testcases@48f2bd5b]" name="close" is-config="true" duration-ms="78" started-at="2021-10-02T11:43:55 IST" finished-at="2021-10-02T11:43:55 IST">
          <reporter-output>
          </reporter-output>
        </test-method> <!-- close -->
      </class> <!-- Academy.Testcases -->
      <class name="Academy.Testcase1">
        <test-method status="PASS" signature="titleValid()[pri:0, instance:Academy.Testcase1@692f203f]" name="titleValid" duration-ms="28406" started-at="2021-10-02T11:42:39 IST" finished-at="2021-10-02T11:43:07 IST">
          <reporter-output>
          </reporter-output>
        </test-method> <!-- titleValid -->
        <test-method status="PASS" signature="close()[pri:0, instance:Academy.Testcase1@692f203f]" name="close" is-config="true" duration-ms="104" started-at="2021-10-02T11:43:55 IST" finished-at="2021-10-02T11:43:55 IST">
          <reporter-output>
          </reporter-output>
        </test-method> <!-- close -->
      </class> <!-- Academy.Testcase1 -->
      <class name="Academy.AppTest">
        <test-method status="PASS" signature="shouldAnswerWithTrue()[pri:0, instance:Academy.AppTest@3701eaf6]" name="shouldAnswerWithTrue" duration-ms="7" started-at="2021-10-02T11:42:39 IST" finished-at="2021-10-02T11:42:39 IST">
          <reporter-output>
          </reporter-output>
        </test-method> <!-- shouldAnswerWithTrue -->
      </class> <!-- Academy.AppTest -->
    </test> <!-- Surefire test -->
  </suite> <!-- Surefire suite -->
</testng-results>
